# JRE version: OpenJDK Runtime Environment (17.0.9) (build 17.0.9+0--11185874)
# Java VM: OpenJDK 64-Bit Server VM (17.0.9+0--11185874, mixed mode, tiered, compressed oops, compressed class ptrs, g1 gc, windows-amd64)
GC Precious Log:
 CPUs: 4 total, 4 available
 Memory: 8076M
 Large Page Support: Disabled
 NUMA Support: Disabled
 Compressed Oops: Enabled (32-bit)
 Heap Region Size: 1M
 Heap Min Capacity: 8M
 Heap Initial Capacity: 128M
 Heap Max Capacity: 2G
 Pre-touch: Disabled
 Parallel Workers: 4
 Concurrent Workers: 1
 Concurrent Refinement Workers: 4
 Periodic GC: Disabled
Heap:
 garbage-first heap   total 380928K, used 209142K [0x0000000080000000, 0x0000000100000000)
  region size 1024K, 37 young (37888K), 18 survivors (18432K)
 Metaspace       used 121163K, committed 121984K, reserved 1179648K
  class space    used 16379K, committed 16768K, reserved 1048576K
GC Heap History (20 events):
Event: 71.256 GC heap before
{Heap before GC invocations=62 (full 0):
 garbage-first heap   total 184320K, used 141733K [0x0000000080000000, 0x0000000100000000)
  region size 1024K, 16 young (16384K), 2 survivors (2048K)
 Metaspace       used 100953K, committed 101632K, reserved 1179648K
  class space    used 13927K, committed 14272K, reserved 1048576K
}
Event: 71.269 GC heap after
{Heap after GC invocations=63 (full 0):
 garbage-first heap   total 184320K, used 129896K [0x0000000080000000, 0x0000000100000000)
  region size 1024K, 2 young (2048K), 2 survivors (2048K)
 Metaspace       used 100953K, committed 101632K, reserved 1179648K
  class space    used 13927K, committed 14272K, reserved 1048576K
}
Event: 71.925 GC heap before
{Heap before GC invocations=63 (full 0):
 garbage-first heap   total 184320K, used 145256K [0x0000000080000000, 0x0000000100000000)
  region size 1024K, 17 young (17408K), 2 survivors (2048K)
 Metaspace       used 101189K, committed 101888K, reserved 1179648K
  class space    used 13943K, committed 14272K, reserved 1048576K
}
Event: 71.942 GC heap after
{Heap after GC invocations=64 (full 0):
 garbage-first heap   total 184320K, used 136025K [0x0000000080000000, 0x0000000100000000)
  region size 1024K, 3 young (3072K), 3 survivors (3072K)
 Metaspace       used 101189K, committed 101888K, reserved 1179648K
  class space    used 13943K, committed 14272K, reserved 1048576K
}
Event: 72.196 GC heap before
{Heap before GC invocations=64 (full 0):
 garbage-first heap   total 184320K, used 143193K [0x0000000080000000, 0x0000000100000000)
  region size 1024K, 8 young (8192K), 3 survivors (3072K)
 Metaspace       used 101205K, committed 101888K, reserved 1179648K
  class space    used 13944K, committed 14272K, reserved 1048576K
}
Event: 72.218 GC heap after
{Heap after GC invocations=65 (full 0):
 garbage-first heap   total 184320K, used 142124K [0x0000000080000000, 0x0000000100000000)
  region size 1024K, 2 young (2048K), 2 survivors (2048K)
 Metaspace       used 101205K, committed 101888K, reserved 1179648K
  class space    used 13944K, committed 14272K, reserved 1048576K
}
Event: 73.254 GC heap before
{Heap before GC invocations=66 (full 0):
 garbage-first heap   total 276480K, used 176940K [0x0000000080000000, 0x0000000100000000)
  region size 1024K, 10 young (10240K), 2 survivors (2048K)
 Metaspace       used 101809K, committed 102464K, reserved 1179648K
  class space    used 14025K, committed 14336K, reserved 1048576K
}
Event: 73.262 GC heap after
{Heap after GC invocations=67 (full 0):
 garbage-first heap   total 276480K, used 140776K [0x0000000080000000, 0x0000000100000000)
  region size 1024K, 1 young (1024K), 1 survivors (1024K)
 Metaspace       used 101809K, committed 102464K, reserved 1179648K
  class space    used 14025K, committed 14336K, reserved 1048576K
}
Event: 73.668 GC heap before
{Heap before GC invocations=67 (full 0):
 garbage-first heap   total 276480K, used 152040K [0x0000000080000000, 0x0000000100000000)
  region size 1024K, 13 young (13312K), 1 survivors (1024K)
 Metaspace       used 103012K, committed 103744K, reserved 1179648K
  class space    used 14129K, committed 14528K, reserved 1048576K
}
Event: 73.677 GC heap after
{Heap after GC invocations=68 (full 0):
 garbage-first heap   total 276480K, used 139070K [0x0000000080000000, 0x0000000100000000)
  region size 1024K, 2 young (2048K), 2 survivors (2048K)
 Metaspace       used 103012K, committed 103744K, reserved 1179648K
  class space    used 14129K, committed 14528K, reserved 1048576K
}
Event: 75.895 GC heap before
{Heap before GC invocations=68 (full 0):
 garbage-first heap   total 276480K, used 188222K [0x0000000080000000, 0x0000000100000000)
  region size 1024K, 51 young (52224K), 2 survivors (2048K)
 Metaspace       used 103955K, committed 104768K, reserved 1179648K
  class space    used 14240K, committed 14656K, reserved 1048576K
}
Event: 75.910 GC heap after
{Heap after GC invocations=69 (full 0):
 garbage-first heap   total 380928K, used 143224K [0x0000000080000000, 0x0000000100000000)
  region size 1024K, 6 young (6144K), 6 survivors (6144K)
 Metaspace       used 103955K, committed 104768K, reserved 1179648K
  class space    used 14240K, committed 14656K, reserved 1048576K
}
Event: 81.613 GC heap before
{Heap before GC invocations=69 (full 0):
 garbage-first heap   total 380928K, used 284536K [0x0000000080000000, 0x0000000100000000)
  region size 1024K, 145 young (148480K), 6 survivors (6144K)
 Metaspace       used 105157K, committed 105920K, reserved 1179648K
  class space    used 14367K, committed 14784K, reserved 1048576K
}
Event: 81.644 GC heap after
{Heap after GC invocations=70 (full 0):
 garbage-first heap   total 380928K, used 153310K [0x0000000080000000, 0x0000000100000000)
  region size 1024K, 15 young (15360K), 15 survivors (15360K)
 Metaspace       used 105157K, committed 105920K, reserved 1179648K
  class space    used 14367K, committed 14784K, reserved 1048576K
}
Event: 90.131 GC heap before
{Heap before GC invocations=70 (full 0):
 garbage-first heap   total 380928K, used 276190K [0x0000000080000000, 0x0000000100000000)
  region size 1024K, 136 young (139264K), 15 survivors (15360K)
 Metaspace       used 106865K, committed 107584K, reserved 1179648K
  class space    used 14542K, committed 14912K, reserved 1048576K
}
Event: 90.186 GC heap after
{Heap after GC invocations=71 (full 0):
 garbage-first heap   total 380928K, used 160330K [0x0000000080000000, 0x0000000100000000)
  region size 1024K, 9 young (9216K), 9 survivors (9216K)
 Metaspace       used 106865K, committed 107584K, reserved 1179648K
  class space    used 14542K, committed 14912K, reserved 1048576K
}
Event: 116.407 GC heap before
{Heap before GC invocations=71 (full 0):
 garbage-first heap   total 380928K, used 286282K [0x0000000080000000, 0x0000000100000000)
  region size 1024K, 133 young (136192K), 9 survivors (9216K)
 Metaspace       used 111499K, committed 112384K, reserved 1179648K
  class space    used 15164K, committed 15616K, reserved 1048576K
}
Event: 116.565 GC heap after
{Heap after GC invocations=72 (full 0):
 garbage-first heap   total 380928K, used 163764K [0x0000000080000000, 0x0000000100000000)
  region size 1024K, 12 young (12288K), 12 survivors (12288K)
 Metaspace       used 111499K, committed 112384K, reserved 1179648K
  class space    used 15164K, committed 15616K, reserved 1048576K
}
Event: 131.025 GC heap before
{Heap before GC invocations=72 (full 0):
 garbage-first heap   total 380928K, used 299956K [0x0000000080000000, 0x0000000100000000)
  region size 1024K, 144 young (147456K), 12 survivors (12288K)
 Metaspace       used 119972K, committed 120768K, reserved 1179648K
  class space    used 16223K, committed 16640K, reserved 1048576K
}
Event: 131.160 GC heap after
{Heap after GC invocations=73 (full 0):
 garbage-first heap   total 380928K, used 190710K [0x0000000080000000, 0x0000000100000000)
  region size 1024K, 18 young (18432K), 18 survivors (18432K)
 Metaspace       used 119972K, committed 120768K, reserved 1179648K
  class space    used 16223K, committed 16640K, reserved 1048576K
}

