# JRE version: OpenJDK Runtime Environment (17.0.9) (build 17.0.9+0--11185874)
# Java VM: OpenJDK 64-Bit Server VM (17.0.9+0--11185874, mixed mode, tiered, compressed oops, compressed class ptrs, g1 gc, windows-amd64)
GC Precious Log:
 CPUs: 4 total, 4 available
 Memory: 8076M
 Large Page Support: Disabled
 NUMA Support: Disabled
 Compressed Oops: Enabled (32-bit)
 Heap Region Size: 1M
 Heap Min Capacity: 8M
 Heap Initial Capacity: 128M
 Heap Max Capacity: 2G
 Pre-touch: Disabled
 Parallel Workers: 4
 Concurrent Workers: 1
 Concurrent Refinement Workers: 4
 Periodic GC: Disabled
Heap:
 garbage-first heap   total 235520K, used 159589K [0x0000000080000000, 0x0000000100000000)
  region size 1024K, 8 young (8192K), 4 survivors (4096K)
 Metaspace       used 126766K, committed 127616K, reserved 1179648K
  class space    used 17603K, committed 17984K, reserved 1048576K
GC Heap History (20 events):
Event: 60.531 GC heap before
{Heap before GC invocations=50 (full 0):
 garbage-first heap   total 195584K, used 164100K [0x0000000080000000, 0x0000000100000000)
  region size 1024K, 32 young (32768K), 5 survivors (5120K)
 Metaspace       used 110461K, committed 111296K, reserved 1179648K
  class space    used 15148K, committed 15552K, reserved 1048576K
}
Event: 60.543 GC heap after
{Heap after GC invocations=51 (full 0):
 garbage-first heap   total 195584K, used 143626K [0x0000000080000000, 0x0000000100000000)
  region size 1024K, 4 young (4096K), 4 survivors (4096K)
 Metaspace       used 110461K, committed 111296K, reserved 1179648K
  class space    used 15148K, committed 15552K, reserved 1048576K
}
Event: 61.340 GC heap before
{Heap before GC invocations=51 (full 0):
 garbage-first heap   total 195584K, used 163082K [0x0000000080000000, 0x0000000100000000)
  region size 1024K, 23 young (23552K), 4 survivors (4096K)
 Metaspace       used 110513K, committed 111296K, reserved 1179648K
  class space    used 15153K, committed 15552K, reserved 1048576K
}
Event: 61.346 GC heap after
{Heap after GC invocations=52 (full 0):
 garbage-first heap   total 195584K, used 149814K [0x0000000080000000, 0x0000000100000000)
  region size 1024K, 3 young (3072K), 3 survivors (3072K)
 Metaspace       used 110513K, committed 111296K, reserved 1179648K
  class space    used 15153K, committed 15552K, reserved 1048576K
}
Event: 61.979 GC heap before
{Heap before GC invocations=52 (full 0):
 garbage-first heap   total 195584K, used 164150K [0x0000000080000000, 0x0000000100000000)
  region size 1024K, 17 young (17408K), 3 survivors (3072K)
 Metaspace       used 110988K, committed 111744K, reserved 1179648K
  class space    used 15215K, committed 15616K, reserved 1048576K
}
Event: 61.988 GC heap after
{Heap after GC invocations=53 (full 0):
 garbage-first heap   total 195584K, used 153600K [0x0000000080000000, 0x0000000100000000)
  region size 1024K, 3 young (3072K), 3 survivors (3072K)
 Metaspace       used 110988K, committed 111744K, reserved 1179648K
  class space    used 15215K, committed 15616K, reserved 1048576K
}
Event: 62.412 GC heap before
{Heap before GC invocations=53 (full 0):
 garbage-first heap   total 195584K, used 165888K [0x0000000080000000, 0x0000000100000000)
  region size 1024K, 15 young (15360K), 3 survivors (3072K)
 Metaspace       used 111927K, committed 112768K, reserved 1179648K
  class space    used 15344K, committed 15744K, reserved 1048576K
}
Event: 62.424 GC heap after
{Heap after GC invocations=54 (full 0):
 garbage-first heap   total 195584K, used 156413K [0x0000000080000000, 0x0000000100000000)
  region size 1024K, 2 young (2048K), 2 survivors (2048K)
 Metaspace       used 111927K, committed 112768K, reserved 1179648K
  class space    used 15344K, committed 15744K, reserved 1048576K
}
Event: 63.343 GC heap before
{Heap before GC invocations=54 (full 0):
 garbage-first heap   total 195584K, used 166653K [0x0000000080000000, 0x0000000100000000)
  region size 1024K, 12 young (12288K), 2 survivors (2048K)
 Metaspace       used 112621K, committed 113408K, reserved 1179648K
  class space    used 15413K, committed 15808K, reserved 1048576K
}
Event: 63.351 GC heap after
{Heap after GC invocations=55 (full 0):
 garbage-first heap   total 195584K, used 157968K [0x0000000080000000, 0x0000000100000000)
  region size 1024K, 2 young (2048K), 2 survivors (2048K)
 Metaspace       used 112621K, committed 113408K, reserved 1179648K
  class space    used 15413K, committed 15808K, reserved 1048576K
}
Event: 63.741 GC heap before
{Heap before GC invocations=55 (full 0):
 garbage-first heap   total 195584K, used 167184K [0x0000000080000000, 0x0000000100000000)
  region size 1024K, 11 young (11264K), 2 survivors (2048K)
 Metaspace       used 112678K, committed 113472K, reserved 1179648K
  class space    used 15419K, committed 15808K, reserved 1048576K
}
Event: 63.748 GC heap after
{Heap after GC invocations=56 (full 0):
 garbage-first heap   total 195584K, used 158020K [0x0000000080000000, 0x0000000100000000)
  region size 1024K, 1 young (1024K), 1 survivors (1024K)
 Metaspace       used 112678K, committed 113472K, reserved 1179648K
  class space    used 15419K, committed 15808K, reserved 1048576K
}
Event: 64.065 GC heap before
{Heap before GC invocations=56 (full 0):
 garbage-first heap   total 195584K, used 167236K [0x0000000080000000, 0x0000000100000000)
  region size 1024K, 11 young (11264K), 1 survivors (1024K)
 Metaspace       used 112678K, committed 113472K, reserved 1179648K
  class space    used 15419K, committed 15808K, reserved 1048576K
}
Event: 64.070 GC heap after
{Heap after GC invocations=57 (full 0):
 garbage-first heap   total 235520K, used 158731K [0x0000000080000000, 0x0000000100000000)
  region size 1024K, 2 young (2048K), 2 survivors (2048K)
 Metaspace       used 112678K, committed 113472K, reserved 1179648K
  class space    used 15419K, committed 15808K, reserved 1048576K
}
Event: 66.046 GC heap before
{Heap before GC invocations=57 (full 0):
 garbage-first heap   total 235520K, used 196619K [0x0000000080000000, 0x0000000100000000)
  region size 1024K, 40 young (40960K), 2 survivors (2048K)
 Metaspace       used 116811K, committed 117632K, reserved 1179648K
  class space    used 15999K, committed 16384K, reserved 1048576K
}
Event: 66.055 GC heap after
{Heap after GC invocations=58 (full 0):
 garbage-first heap   total 235520K, used 160274K [0x0000000080000000, 0x0000000100000000)
  region size 1024K, 3 young (3072K), 3 survivors (3072K)
 Metaspace       used 116811K, committed 117632K, reserved 1179648K
  class space    used 15999K, committed 16384K, reserved 1048576K
}
Event: 67.141 GC heap before
{Heap before GC invocations=58 (full 0):
 garbage-first heap   total 235520K, used 198162K [0x0000000080000000, 0x0000000100000000)
  region size 1024K, 41 young (41984K), 3 survivors (3072K)
 Metaspace       used 122405K, committed 123200K, reserved 1179648K
  class space    used 16835K, committed 17216K, reserved 1048576K
}
Event: 67.151 GC heap after
{Heap after GC invocations=59 (full 0):
 garbage-first heap   total 235520K, used 161067K [0x0000000080000000, 0x0000000100000000)
  region size 1024K, 4 young (4096K), 4 survivors (4096K)
 Metaspace       used 122405K, committed 123200K, reserved 1179648K
  class space    used 16835K, committed 17216K, reserved 1048576K
}
Event: 69.046 GC heap before
{Heap before GC invocations=59 (full 0):
 garbage-first heap   total 235520K, used 188715K [0x0000000080000000, 0x0000000100000000)
  region size 1024K, 33 young (33792K), 4 survivors (4096K)
 Metaspace       used 126335K, committed 127168K, reserved 1179648K
  class space    used 17498K, committed 17920K, reserved 1048576K
}
Event: 69.060 GC heap after
{Heap after GC invocations=60 (full 0):
 garbage-first heap   total 235520K, used 161637K [0x0000000080000000, 0x0000000100000000)
  region size 1024K, 4 young (4096K), 4 survivors (4096K)
 Metaspace       used 126335K, committed 127168K, reserved 1179648K
  class space    used 17498K, committed 17920K, reserved 1048576K
}

