# JRE version: OpenJDK Runtime Environment (17.0.9) (build 17.0.9+0--11185874)
# Java VM: OpenJDK 64-Bit Server VM (17.0.9+0--11185874, mixed mode, tiered, compressed oops, compressed class ptrs, g1 gc, windows-amd64)
GC Precious Log:
 CPUs: 4 total, 4 available
 Memory: 8076M
 Large Page Support: Disabled
 NUMA Support: Disabled
 Compressed Oops: Enabled (32-bit)
 Heap Region Size: 1M
 Heap Min Capacity: 8M
 Heap Initial Capacity: 128M
 Heap Max Capacity: 2G
 Pre-touch: Disabled
 Parallel Workers: 4
 Concurrent Workers: 1
 Concurrent Refinement Workers: 4
 Periodic GC: Disabled
Heap:
 garbage-first heap   total 174080K, used 100706K [0x0000000080000000, 0x0000000100000000)
  region size 1024K, 1 young (1024K), 1 survivors (1024K)
 Metaspace       used 96890K, committed 97600K, reserved 1179648K
  class space    used 13473K, committed 13824K, reserved 1048576K
GC Heap History (20 events):
Event: 36.336 GC heap after
{Heap after GC invocations=46 (full 0):
 garbage-first heap   total 143360K, used 82434K [0x0000000080000000, 0x0000000100000000)
  region size 1024K, 3 young (3072K), 3 survivors (3072K)
 Metaspace       used 78857K, committed 79424K, reserved 1179648K
  class space    used 10685K, committed 10944K, reserved 1048576K
}
Event: 36.428 GC heap before
{Heap before GC invocations=46 (full 0):
 garbage-first heap   total 143360K, used 86530K [0x0000000080000000, 0x0000000100000000)
  region size 1024K, 7 young (7168K), 3 survivors (3072K)
 Metaspace       used 79095K, committed 79616K, reserved 1179648K
  class space    used 10715K, committed 10944K, reserved 1048576K
}
Event: 36.433 GC heap after
{Heap after GC invocations=47 (full 0):
 garbage-first heap   total 172032K, used 80741K [0x0000000080000000, 0x0000000100000000)
  region size 1024K, 1 young (1024K), 1 survivors (1024K)
 Metaspace       used 79095K, committed 79616K, reserved 1179648K
  class space    used 10715K, committed 10944K, reserved 1048576K
}
Event: 39.141 GC heap before
{Heap before GC invocations=47 (full 0):
 garbage-first heap   total 172032K, used 135013K [0x0000000080000000, 0x0000000100000000)
  region size 1024K, 54 young (55296K), 1 survivors (1024K)
 Metaspace       used 83395K, committed 83968K, reserved 1179648K
  class space    used 11522K, committed 11776K, reserved 1048576K
}
Event: 39.149 GC heap after
{Heap after GC invocations=48 (full 0):
 garbage-first heap   total 172032K, used 82588K [0x0000000080000000, 0x0000000100000000)
  region size 1024K, 3 young (3072K), 3 survivors (3072K)
 Metaspace       used 83395K, committed 83968K, reserved 1179648K
  class space    used 11522K, committed 11776K, reserved 1048576K
}
Event: 44.617 GC heap before
{Heap before GC invocations=49 (full 0):
 garbage-first heap   total 172032K, used 137884K [0x0000000080000000, 0x0000000100000000)
  region size 1024K, 57 young (58368K), 3 survivors (3072K)
 Metaspace       used 87706K, committed 88320K, reserved 1179648K
  class space    used 12159K, committed 12416K, reserved 1048576K
}
Event: 44.635 GC heap after
{Heap after GC invocations=50 (full 0):
 garbage-first heap   total 172032K, used 85817K [0x0000000080000000, 0x0000000100000000)
  region size 1024K, 6 young (6144K), 6 survivors (6144K)
 Metaspace       used 87706K, committed 88320K, reserved 1179648K
  class space    used 12159K, committed 12416K, reserved 1048576K
}
Event: 44.739 GC heap before
{Heap before GC invocations=50 (full 0):
 garbage-first heap   total 172032K, used 87865K [0x0000000080000000, 0x0000000100000000)
  region size 1024K, 8 young (8192K), 6 survivors (6144K)
 Metaspace       used 87823K, committed 88384K, reserved 1179648K
  class space    used 12176K, committed 12416K, reserved 1048576K
}
Event: 44.749 GC heap after
{Heap after GC invocations=51 (full 0):
 garbage-first heap   total 172032K, used 86387K [0x0000000080000000, 0x0000000100000000)
  region size 1024K, 1 young (1024K), 1 survivors (1024K)
 Metaspace       used 87823K, committed 88384K, reserved 1179648K
  class space    used 12176K, committed 12416K, reserved 1048576K
}
Event: 47.387 GC heap before
{Heap before GC invocations=51 (full 0):
 garbage-first heap   total 172032K, used 140659K [0x0000000080000000, 0x0000000100000000)
  region size 1024K, 54 young (55296K), 1 survivors (1024K)
 Metaspace       used 93055K, committed 93696K, reserved 1179648K
  class space    used 12921K, committed 13248K, reserved 1048576K
}
Event: 47.396 GC heap after
{Heap after GC invocations=52 (full 0):
 garbage-first heap   total 172032K, used 88794K [0x0000000080000000, 0x0000000100000000)
  region size 1024K, 4 young (4096K), 4 survivors (4096K)
 Metaspace       used 93055K, committed 93696K, reserved 1179648K
  class space    used 12921K, committed 13248K, reserved 1048576K
}
Event: 50.400 GC heap before
{Heap before GC invocations=53 (full 0):
 garbage-first heap   total 172032K, used 141018K [0x0000000080000000, 0x0000000100000000)
  region size 1024K, 55 young (56320K), 4 survivors (4096K)
 Metaspace       used 96338K, committed 97088K, reserved 1179648K
  class space    used 13453K, committed 13824K, reserved 1048576K
}
Event: 50.421 GC heap after
{Heap after GC invocations=54 (full 0):
 garbage-first heap   total 172032K, used 93916K [0x0000000080000000, 0x0000000100000000)
  region size 1024K, 7 young (7168K), 7 survivors (7168K)
 Metaspace       used 96338K, committed 97088K, reserved 1179648K
  class space    used 13453K, committed 13824K, reserved 1048576K
}
Event: 50.436 GC heap before
{Heap before GC invocations=54 (full 0):
 garbage-first heap   total 172032K, used 94940K [0x0000000080000000, 0x0000000100000000)
  region size 1024K, 8 young (8192K), 7 survivors (7168K)
 Metaspace       used 96339K, committed 97088K, reserved 1179648K
  class space    used 13453K, committed 13824K, reserved 1048576K
}
Event: 50.457 GC heap after
{Heap after GC invocations=55 (full 0):
 garbage-first heap   total 172032K, used 94363K [0x0000000080000000, 0x0000000100000000)
  region size 1024K, 1 young (1024K), 1 survivors (1024K)
 Metaspace       used 96339K, committed 97088K, reserved 1179648K
  class space    used 13453K, committed 13824K, reserved 1048576K
}
Event: 52.137 GC heap before
{Heap before GC invocations=55 (full 0):
 garbage-first heap   total 172032K, used 141467K [0x0000000080000000, 0x0000000100000000)
  region size 1024K, 47 young (48128K), 1 survivors (1024K)
 Metaspace       used 96560K, committed 97280K, reserved 1179648K
  class space    used 13457K, committed 13824K, reserved 1048576K
}
Event: 52.145 GC heap after
{Heap after GC invocations=56 (full 0):
 garbage-first heap   total 172032K, used 98120K [0x0000000080000000, 0x0000000100000000)
  region size 1024K, 5 young (5120K), 5 survivors (5120K)
 Metaspace       used 96560K, committed 97280K, reserved 1179648K
  class space    used 13457K, committed 13824K, reserved 1048576K
}
Event: 53.664 GC heap before
{Heap before GC invocations=57 (full 0):
 garbage-first heap   total 174080K, used 141128K [0x0000000080000000, 0x0000000100000000)
  region size 1024K, 48 young (49152K), 5 survivors (5120K)
 Metaspace       used 96890K, committed 97600K, reserved 1179648K
  class space    used 13473K, committed 13824K, reserved 1048576K
}
Event: 53.683 GC heap after
{Heap after GC invocations=58 (full 0):
 garbage-first heap   total 174080K, used 101782K [0x0000000080000000, 0x0000000100000000)
  region size 1024K, 6 young (6144K), 6 survivors (6144K)
 Metaspace       used 96890K, committed 97600K, reserved 1179648K
  class space    used 13473K, committed 13824K, reserved 1048576K
}
Event: 53.979 GC heap before
{Heap before GC invocations=58 (full 0):
 garbage-first heap   total 174080K, used 102806K [0x0000000080000000, 0x0000000100000000)
  region size 1024K, 8 young (8192K), 6 survivors (6144K)
 Metaspace       used 96890K, committed 97600K, reserved 1179648K
  class space    used 13473K, committed 13824K, reserved 1048576K
}

